2017/10/09 20:57:45 [error] [system.db.CDbCommand] CDbCommand::fetchAll() failed: SQLSTATE[42S02]: Base table or view not found: 1146 Table 'facilito.tbl_users' doesn't exist. The SQL statement executed was: SHOW FULL COLUMNS FROM `tbl_users`.
in C:\xampp\htdocs\yii\facilito\protected\controllers\HolaController.php (7)
in C:\xampp\htdocs\yii\facilito\index.php (13)
2017/10/09 20:57:45 [error] [exception.CDbException] exception 'CDbException' with message 'The table "tbl_users" for active record class "Users" cannot be found in the database.' in C:\xampp\htdocs\yii\framework\db\ar\CActiveRecord.php:2390
Stack trace:
#0 C:\xampp\htdocs\yii\framework\db\ar\CActiveRecord.php(413): CActiveRecordMetaData->__construct(Object(Users))
#1 C:\xampp\htdocs\yii\framework\db\ar\CActiveRecord.php(663): CActiveRecord->getMetaData()
#2 C:\xampp\htdocs\yii\framework\db\ar\CActiveRecord.php(1358): CActiveRecord->getTableSchema()
#3 C:\xampp\htdocs\yii\framework\db\ar\CActiveRecord.php(1464): CActiveRecord->query(Object(CDbCriteria))
#4 C:\xampp\htdocs\yii\facilito\protected\controllers\HolaController.php(7): CActiveRecord->find()
#5 C:\xampp\htdocs\yii\framework\web\actions\CInlineAction.php(49): HolaController->actionIndex()
#6 C:\xampp\htdocs\yii\framework\web\CController.php(308): CInlineAction->runWithParams(Array)
#7 C:\xampp\htdocs\yii\framework\web\CController.php(286): CController->runAction(Object(CInlineAction))
#8 C:\xampp\htdocs\yii\framework\web\CController.php(265): CController->runActionWithFilters(Object(CInlineAction), Array)
#9 C:\xampp\htdocs\yii\framework\web\CWebApplication.php(282): CController->run('')
#10 C:\xampp\htdocs\yii\framework\web\CWebApplication.php(141): CWebApplication->runController('hola')
#11 C:\xampp\htdocs\yii\framework\base\CApplication.php(185): CWebApplication->processRequest()
#12 C:\xampp\htdocs\yii\facilito\index.php(13): CApplication->run()
#13 {main}
REQUEST_URI=/yii/facilito/hola
---
2017/10/09 20:58:33 [error] [php] Trying to get property of non-object (C:\xampp\htdocs\yii\facilito\protected\views\hola\index.php:4)
Stack trace:
#0 C:\xampp\htdocs\yii\framework\web\CController.php(872): HolaController->renderFile()
#1 C:\xampp\htdocs\yii\framework\web\CController.php(785): HolaController->renderPartial()
#2 C:\xampp\htdocs\yii\facilito\protected\controllers\HolaController.php(9): HolaController->render()
#3 C:\xampp\htdocs\yii\framework\web\actions\CInlineAction.php(49): HolaController->actionIndex()
#4 C:\xampp\htdocs\yii\framework\web\CController.php(308): CInlineAction->runWithParams()
#5 C:\xampp\htdocs\yii\framework\web\CController.php(286): HolaController->runAction()
#6 C:\xampp\htdocs\yii\framework\web\CController.php(265): HolaController->runActionWithFilters()
#7 C:\xampp\htdocs\yii\framework\web\CWebApplication.php(282): HolaController->run()
#8 C:\xampp\htdocs\yii\framework\web\CWebApplication.php(141): CWebApplication->runController()
#9 C:\xampp\htdocs\yii\framework\base\CApplication.php(185): CWebApplication->processRequest()
#10 C:\xampp\htdocs\yii\facilito\index.php(13): CWebApplication->run()
REQUEST_URI=/yii/facilito/hola
in C:\xampp\htdocs\yii\facilito\protected\views\hola\index.php (4)
in C:\xampp\htdocs\yii\facilito\protected\controllers\HolaController.php (9)
in C:\xampp\htdocs\yii\facilito\index.php (13)
2017/10/09 21:00:04 [error] [php] Trying to get property of non-object (C:\xampp\htdocs\yii\facilito\protected\views\hola\index.php:4)
Stack trace:
#0 C:\xampp\htdocs\yii\framework\web\CController.php(872): HolaController->renderFile()
#1 C:\xampp\htdocs\yii\framework\web\CController.php(785): HolaController->renderPartial()
#2 C:\xampp\htdocs\yii\facilito\protected\controllers\HolaController.php(9): HolaController->render()
#3 C:\xampp\htdocs\yii\framework\web\actions\CInlineAction.php(49): HolaController->actionIndex()
#4 C:\xampp\htdocs\yii\framework\web\CController.php(308): CInlineAction->runWithParams()
#5 C:\xampp\htdocs\yii\framework\web\CController.php(286): HolaController->runAction()
#6 C:\xampp\htdocs\yii\framework\web\CController.php(265): HolaController->runActionWithFilters()
#7 C:\xampp\htdocs\yii\framework\web\CWebApplication.php(282): HolaController->run()
#8 C:\xampp\htdocs\yii\framework\web\CWebApplication.php(141): CWebApplication->runController()
#9 C:\xampp\htdocs\yii\framework\base\CApplication.php(185): CWebApplication->processRequest()
#10 C:\xampp\htdocs\yii\facilito\index.php(13): CWebApplication->run()
REQUEST_URI=/yii/facilito/hola
in C:\xampp\htdocs\yii\facilito\protected\views\hola\index.php (4)
in C:\xampp\htdocs\yii\facilito\protected\controllers\HolaController.php (9)
in C:\xampp\htdocs\yii\facilito\index.php (13)
2017/10/09 21:00:05 [error] [php] Trying to get property of non-object (C:\xampp\htdocs\yii\facilito\protected\views\hola\index.php:4)
Stack trace:
#0 C:\xampp\htdocs\yii\framework\web\CController.php(872): HolaController->renderFile()
#1 C:\xampp\htdocs\yii\framework\web\CController.php(785): HolaController->renderPartial()
#2 C:\xampp\htdocs\yii\facilito\protected\controllers\HolaController.php(9): HolaController->render()
#3 C:\xampp\htdocs\yii\framework\web\actions\CInlineAction.php(49): HolaController->actionIndex()
#4 C:\xampp\htdocs\yii\framework\web\CController.php(308): CInlineAction->runWithParams()
#5 C:\xampp\htdocs\yii\framework\web\CController.php(286): HolaController->runAction()
#6 C:\xampp\htdocs\yii\framework\web\CController.php(265): HolaController->runActionWithFilters()
#7 C:\xampp\htdocs\yii\framework\web\CWebApplication.php(282): HolaController->run()
#8 C:\xampp\htdocs\yii\framework\web\CWebApplication.php(141): CWebApplication->runController()
#9 C:\xampp\htdocs\yii\framework\base\CApplication.php(185): CWebApplication->processRequest()
#10 C:\xampp\htdocs\yii\facilito\index.php(13): CWebApplication->run()
REQUEST_URI=/yii/facilito/hola
in C:\xampp\htdocs\yii\facilito\protected\views\hola\index.php (4)
in C:\xampp\htdocs\yii\facilito\protected\controllers\HolaController.php (9)
in C:\xampp\htdocs\yii\facilito\index.php (13)
2017/10/09 21:00:40 [error] [php] Trying to get property of non-object (C:\xampp\htdocs\yii\facilito\protected\views\hola\index.php:4)
Stack trace:
#0 C:\xampp\htdocs\yii\framework\web\CController.php(872): HolaController->renderFile()
#1 C:\xampp\htdocs\yii\framework\web\CController.php(785): HolaController->renderPartial()
#2 C:\xampp\htdocs\yii\facilito\protected\controllers\HolaController.php(9): HolaController->render()
#3 C:\xampp\htdocs\yii\framework\web\actions\CInlineAction.php(49): HolaController->actionIndex()
#4 C:\xampp\htdocs\yii\framework\web\CController.php(308): CInlineAction->runWithParams()
#5 C:\xampp\htdocs\yii\framework\web\CController.php(286): HolaController->runAction()
#6 C:\xampp\htdocs\yii\framework\web\CController.php(265): HolaController->runActionWithFilters()
#7 C:\xampp\htdocs\yii\framework\web\CWebApplication.php(282): HolaController->run()
#8 C:\xampp\htdocs\yii\framework\web\CWebApplication.php(141): CWebApplication->runController()
#9 C:\xampp\htdocs\yii\framework\base\CApplication.php(185): CWebApplication->processRequest()
#10 C:\xampp\htdocs\yii\facilito\index.php(13): CWebApplication->run()
REQUEST_URI=/yii/facilito/hola
in C:\xampp\htdocs\yii\facilito\protected\views\hola\index.php (4)
in C:\xampp\htdocs\yii\facilito\protected\controllers\HolaController.php (9)
in C:\xampp\htdocs\yii\facilito\index.php (13)
2017/10/10 19:35:53 [error] [php] Undefined variable: lstPaises (C:\xampp\htdocs\yii\facilito\protected\views\paises\index.php:2)
Stack trace:
#0 C:\xampp\htdocs\yii\framework\web\CController.php(872): PaisesController->renderFile()
#1 C:\xampp\htdocs\yii\framework\web\CController.php(785): PaisesController->renderPartial()
#2 C:\xampp\htdocs\yii\facilito\protected\controllers\PaisesController.php(20): PaisesController->render()
#3 C:\xampp\htdocs\yii\framework\web\actions\CInlineAction.php(49): PaisesController->actionIndex()
#4 C:\xampp\htdocs\yii\framework\web\CController.php(308): CInlineAction->runWithParams()
#5 C:\xampp\htdocs\yii\framework\web\CController.php(286): PaisesController->runAction()
#6 C:\xampp\htdocs\yii\framework\web\CController.php(265): PaisesController->runActionWithFilters()
#7 C:\xampp\htdocs\yii\framework\web\CWebApplication.php(282): PaisesController->run()
#8 C:\xampp\htdocs\yii\framework\web\CWebApplication.php(141): CWebApplication->runController()
#9 C:\xampp\htdocs\yii\framework\base\CApplication.php(185): CWebApplication->processRequest()
#10 C:\xampp\htdocs\yii\facilito\index.php(13): CWebApplication->run()
REQUEST_URI=/yii/facilito/paises/index
in C:\xampp\htdocs\yii\facilito\protected\views\paises\index.php (2)
in C:\xampp\htdocs\yii\facilito\protected\controllers\PaisesController.php (20)
in C:\xampp\htdocs\yii\facilito\index.php (13)
2017/10/10 19:55:22 [error] [exception.CHttpException.404] exception 'CHttpException' with message 'Unable to resolve the request "crear/index".' in C:\xampp\htdocs\yii\framework\web\CWebApplication.php:286
Stack trace:
#0 C:\xampp\htdocs\yii\framework\web\CWebApplication.php(141): CWebApplication->runController('crear/index')
#1 C:\xampp\htdocs\yii\framework\base\CApplication.php(185): CWebApplication->processRequest()
#2 C:\xampp\htdocs\yii\facilito\index.php(13): CApplication->run()
#3 {main}
REQUEST_URI=/yii/facilito/crear/index
---
2017/10/10 19:55:37 [error] [exception.CHttpException.404] exception 'CHttpException' with message 'The system is unable to find the requested action "crear".' in C:\xampp\htdocs\yii\framework\web\CController.php:486
Stack trace:
#0 C:\xampp\htdocs\yii\framework\web\CController.php(270): CController->missingAction('crear')
#1 C:\xampp\htdocs\yii\framework\web\CWebApplication.php(282): CController->run('crear')
#2 C:\xampp\htdocs\yii\framework\web\CWebApplication.php(141): CWebApplication->runController('paises/crear')
#3 C:\xampp\htdocs\yii\framework\base\CApplication.php(185): CWebApplication->processRequest()
#4 C:\xampp\htdocs\yii\facilito\index.php(13): CApplication->run()
#5 {main}
REQUEST_URI=/yii/facilito/paises/crear
---
2017/10/10 19:56:50 [error] [exception.CHttpException.404] exception 'CHttpException' with message 'The system is unable to find the requested action "crear".' in C:\xampp\htdocs\yii\framework\web\CController.php:486
Stack trace:
#0 C:\xampp\htdocs\yii\framework\web\CController.php(270): CController->missingAction('crear')
#1 C:\xampp\htdocs\yii\framework\web\CWebApplication.php(282): CController->run('crear')
#2 C:\xampp\htdocs\yii\framework\web\CWebApplication.php(141): CWebApplication->runController('paises/crear')
#3 C:\xampp\htdocs\yii\framework\base\CApplication.php(185): CWebApplication->processRequest()
#4 C:\xampp\htdocs\yii\facilito\index.php(13): CApplication->run()
#5 {main}
REQUEST_URI=/yii/facilito/paises/crear
---
2017/10/10 23:14:13 [error] [php] Undefined variable: objPais (C:\xampp\htdocs\yii\facilito\protected\controllers\PaisesController.php:25)
Stack trace:
#0 C:\xampp\htdocs\yii\framework\web\CController.php(286): PaisesController->runAction()
#1 C:\xampp\htdocs\yii\framework\web\CController.php(265): PaisesController->runActionWithFilters()
#2 C:\xampp\htdocs\yii\framework\web\CWebApplication.php(282): PaisesController->run()
#3 C:\xampp\htdocs\yii\framework\web\CWebApplication.php(141): CWebApplication->runController()
#4 C:\xampp\htdocs\yii\framework\base\CApplication.php(185): CWebApplication->processRequest()
#5 C:\xampp\htdocs\yii\facilito\index.php(13): CWebApplication->run()
REQUEST_URI=/yii/facilito/paises/crear
in C:\xampp\htdocs\yii\facilito\protected\controllers\PaisesController.php (25)
in C:\xampp\htdocs\yii\facilito\index.php (13)
2017/10/10 23:14:33 [error] [php] Undefined variable: objPais (C:\xampp\htdocs\yii\facilito\protected\controllers\PaisesController.php:25)
Stack trace:
#0 C:\xampp\htdocs\yii\framework\web\CController.php(286): PaisesController->runAction()
#1 C:\xampp\htdocs\yii\framework\web\CController.php(265): PaisesController->runActionWithFilters()
#2 C:\xampp\htdocs\yii\framework\web\CWebApplication.php(282): PaisesController->run()
#3 C:\xampp\htdocs\yii\framework\web\CWebApplication.php(141): CWebApplication->runController()
#4 C:\xampp\htdocs\yii\framework\base\CApplication.php(185): CWebApplication->processRequest()
#5 C:\xampp\htdocs\yii\facilito\index.php(13): CWebApplication->run()
REQUEST_URI=/yii/facilito/paises/crear
in C:\xampp\htdocs\yii\facilito\protected\controllers\PaisesController.php (25)
in C:\xampp\htdocs\yii\facilito\index.php (13)
2017/10/10 23:14:34 [error] [php] Undefined variable: objPais (C:\xampp\htdocs\yii\facilito\protected\controllers\PaisesController.php:25)
Stack trace:
#0 C:\xampp\htdocs\yii\framework\web\CController.php(286): PaisesController->runAction()
#1 C:\xampp\htdocs\yii\framework\web\CController.php(265): PaisesController->runActionWithFilters()
#2 C:\xampp\htdocs\yii\framework\web\CWebApplication.php(282): PaisesController->run()
#3 C:\xampp\htdocs\yii\framework\web\CWebApplication.php(141): CWebApplication->runController()
#4 C:\xampp\htdocs\yii\framework\base\CApplication.php(185): CWebApplication->processRequest()
#5 C:\xampp\htdocs\yii\facilito\index.php(13): CWebApplication->run()
REQUEST_URI=/yii/facilito/paises/crear
in C:\xampp\htdocs\yii\facilito\protected\controllers\PaisesController.php (25)
in C:\xampp\htdocs\yii\facilito\index.php (13)
2017/10/10 23:14:35 [error] [php] Undefined variable: objPais (C:\xampp\htdocs\yii\facilito\protected\controllers\PaisesController.php:25)
Stack trace:
#0 C:\xampp\htdocs\yii\framework\web\CController.php(286): PaisesController->runAction()
#1 C:\xampp\htdocs\yii\framework\web\CController.php(265): PaisesController->runActionWithFilters()
#2 C:\xampp\htdocs\yii\framework\web\CWebApplication.php(282): PaisesController->run()
#3 C:\xampp\htdocs\yii\framework\web\CWebApplication.php(141): CWebApplication->runController()
#4 C:\xampp\htdocs\yii\framework\base\CApplication.php(185): CWebApplication->processRequest()
#5 C:\xampp\htdocs\yii\facilito\index.php(13): CWebApplication->run()
REQUEST_URI=/yii/facilito/paises/crear
in C:\xampp\htdocs\yii\facilito\protected\controllers\PaisesController.php (25)
in C:\xampp\htdocs\yii\facilito\index.php (13)
2017/10/10 23:15:07 [error] [php] Undefined variable: objPais (C:\xampp\htdocs\yii\facilito\protected\controllers\PaisesController.php:25)
Stack trace:
#0 C:\xampp\htdocs\yii\framework\web\CController.php(286): PaisesController->runAction()
#1 C:\xampp\htdocs\yii\framework\web\CController.php(265): PaisesController->runActionWithFilters()
#2 C:\xampp\htdocs\yii\framework\web\CWebApplication.php(282): PaisesController->run()
#3 C:\xampp\htdocs\yii\framework\web\CWebApplication.php(141): CWebApplication->runController()
#4 C:\xampp\htdocs\yii\framework\base\CApplication.php(185): CWebApplication->processRequest()
#5 C:\xampp\htdocs\yii\facilito\index.php(13): CWebApplication->run()
REQUEST_URI=/yii/facilito/paises/crear
in C:\xampp\htdocs\yii\facilito\protected\controllers\PaisesController.php (25)
in C:\xampp\htdocs\yii\facilito\index.php (13)
2017/10/10 23:15:08 [error] [php] Undefined variable: objPais (C:\xampp\htdocs\yii\facilito\protected\controllers\PaisesController.php:25)
Stack trace:
#0 C:\xampp\htdocs\yii\framework\web\CController.php(286): PaisesController->runAction()
#1 C:\xampp\htdocs\yii\framework\web\CController.php(265): PaisesController->runActionWithFilters()
#2 C:\xampp\htdocs\yii\framework\web\CWebApplication.php(282): PaisesController->run()
#3 C:\xampp\htdocs\yii\framework\web\CWebApplication.php(141): CWebApplication->runController()
#4 C:\xampp\htdocs\yii\framework\base\CApplication.php(185): CWebApplication->processRequest()
#5 C:\xampp\htdocs\yii\facilito\index.php(13): CWebApplication->run()
REQUEST_URI=/yii/facilito/paises/crear
in C:\xampp\htdocs\yii\facilito\protected\controllers\PaisesController.php (25)
in C:\xampp\htdocs\yii\facilito\index.php (13)
2017/10/11 00:01:14 [error] [exception.CHttpException.404] exception 'CHttpException' with message 'The system is unable to find the requested action "eliminar".' in C:\xampp\htdocs\yii\framework\web\CController.php:486
Stack trace:
#0 C:\xampp\htdocs\yii\framework\web\CController.php(270): CController->missingAction('eliminar')
#1 C:\xampp\htdocs\yii\framework\web\CWebApplication.php(282): CController->run('eliminar')
#2 C:\xampp\htdocs\yii\framework\web\CWebApplication.php(141): CWebApplication->runController('paises/eliminar')
#3 C:\xampp\htdocs\yii\framework\base\CApplication.php(185): CWebApplication->processRequest()
#4 C:\xampp\htdocs\yii\facilito\index.php(13): CApplication->run()
#5 {main}
REQUEST_URI=/yii/facilito/paises/eliminar/4.html
HTTP_REFERER=http://localhost/yii/facilito/paises/index.html
---
2017/10/11 06:55:50 [error] [exception.CDbException] exception 'CDbException' with message 'CDbConnection failed to open the DB connection: SQLSTATE[HY000] [1049] Unknown database 'facilito'' in C:\xampp\htdocs\yii\framework\db\CDbConnection.php:399
Stack trace:
#0 C:\xampp\htdocs\yii\framework\db\CDbConnection.php(347): CDbConnection->open()
#1 C:\xampp\htdocs\yii\framework\db\CDbConnection.php(325): CDbConnection->setActive(true)
#2 C:\xampp\htdocs\yii\framework\base\CModule.php(394): CDbConnection->init()
#3 C:\xampp\htdocs\yii\framework\base\CApplication.php(459): CModule->getComponent('db')
#4 C:\xampp\htdocs\yii\framework\db\ar\CActiveRecord.php(639): CApplication->getDb()
#5 C:\xampp\htdocs\yii\framework\db\ar\CActiveRecord.php(672): CActiveRecord->getDbConnection()
#6 C:\xampp\htdocs\yii\framework\db\ar\CActiveRecord.php(1477): CActiveRecord->getCommandBuilder()
#7 C:\xampp\htdocs\yii\facilito\protected\controllers\PaisesController.php(40): CActiveRecord->findAll()
#8 C:\xampp\htdocs\yii\framework\web\actions\CInlineAction.php(49): PaisesController->actionIndex()
#9 C:\xampp\htdocs\yii\framework\web\CController.php(308): CInlineAction->runWithParams(Array)
#10 C:\xampp\htdocs\yii\framework\web\CController.php(286): CController->runAction(Object(CInlineAction))
#11 C:\xampp\htdocs\yii\framework\web\CController.php(265): CController->runActionWithFilters(Object(CInlineAction), Array)
#12 C:\xampp\htdocs\yii\framework\web\CWebApplication.php(282): CController->run('')
#13 C:\xampp\htdocs\yii\framework\web\CWebApplication.php(141): CWebApplication->runController('paises')
#14 C:\xampp\htdocs\yii\framework\base\CApplication.php(185): CWebApplication->processRequest()
#15 C:\xampp\htdocs\yii\facilito\index.php(13): CApplication->run()
#16 {main}
REQUEST_URI=/yii/facilito/paises
---
2017/10/13 23:36:45 [error] [exception.CHttpException.404] exception 'CHttpException' with message 'The system is unable to find the requested action "ver".' in C:\xampp\htdocs\yii\framework\web\CController.php:486
Stack trace:
#0 C:\xampp\htdocs\yii\framework\web\CController.php(270): CController->missingAction('ver')
#1 C:\xampp\htdocs\yii\framework\web\CWebApplication.php(282): CController->run('ver')
#2 C:\xampp\htdocs\yii\framework\web\CWebApplication.php(141): CWebApplication->runController('paises/ver')
#3 C:\xampp\htdocs\yii\framework\base\CApplication.php(185): CWebApplication->processRequest()
#4 C:\xampp\htdocs\yii\facilito\index.php(13): CApplication->run()
#5 {main}
REQUEST_URI=/yii/facilito/paises/ver/8.html
HTTP_REFERER=http://localhost/yii/facilito/paises/index.html
---
2017/10/13 23:44:47 [error] [exception.CException] exception 'CException' with message 'PaisesController cannot find the requested view "view".' in C:\xampp\htdocs\yii\framework\web\CController.php:881
Stack trace:
#0 C:\xampp\htdocs\yii\framework\web\CController.php(785): CController->renderPartial('view', Array, true)
#1 C:\xampp\htdocs\yii\facilito\protected\controllers\PaisesController.php(52): CController->render('view', Array)
#2 [internal function]: PaisesController->actionVer('8')
#3 C:\xampp\htdocs\yii\framework\web\actions\CAction.php(109): ReflectionMethod->invokeArgs(Object(PaisesController), Array)
#4 C:\xampp\htdocs\yii\framework\web\actions\CInlineAction.php(47): CAction->runWithParamsInternal(Object(PaisesController), Object(ReflectionMethod), Array)
#5 C:\xampp\htdocs\yii\framework\web\CController.php(308): CInlineAction->runWithParams(Array)
#6 C:\xampp\htdocs\yii\framework\web\CController.php(286): CController->runAction(Object(CInlineAction))
#7 C:\xampp\htdocs\yii\framework\web\CController.php(265): CController->runActionWithFilters(Object(CInlineAction), Array)
#8 C:\xampp\htdocs\yii\framework\web\CWebApplication.php(282): CController->run('ver')
#9 C:\xampp\htdocs\yii\framework\web\CWebApplication.php(141): CWebApplication->runController('paises/ver')
#10 C:\xampp\htdocs\yii\framework\base\CApplication.php(185): CWebApplication->processRequest()
#11 C:\xampp\htdocs\yii\facilito\index.php(13): CApplication->run()
#12 {main}
REQUEST_URI=/yii/facilito/paises/ver/8.html
HTTP_REFERER=http://localhost/yii/facilito/paises/index.html
---
2017/10/13 23:45:00 [error] [php] Undefined variable: model (C:\xampp\htdocs\yii\facilito\protected\views\paises\ver.php:5)
Stack trace:
#0 C:\xampp\htdocs\yii\framework\web\CController.php(872): PaisesController->renderFile()
#1 C:\xampp\htdocs\yii\framework\web\CController.php(785): PaisesController->renderPartial()
#2 C:\xampp\htdocs\yii\facilito\protected\controllers\PaisesController.php(52): PaisesController->render()
#3 unknown(0): PaisesController->actionVer()
#4 C:\xampp\htdocs\yii\framework\web\actions\CAction.php(109): ReflectionMethod->invokeArgs()
#5 C:\xampp\htdocs\yii\framework\web\actions\CInlineAction.php(47): CInlineAction->runWithParamsInternal()
#6 C:\xampp\htdocs\yii\framework\web\CController.php(308): CInlineAction->runWithParams()
#7 C:\xampp\htdocs\yii\framework\web\CController.php(286): PaisesController->runAction()
#8 C:\xampp\htdocs\yii\framework\web\CController.php(265): PaisesController->runActionWithFilters()
#9 C:\xampp\htdocs\yii\framework\web\CWebApplication.php(282): PaisesController->run()
#10 C:\xampp\htdocs\yii\framework\web\CWebApplication.php(141): CWebApplication->runController()
#11 C:\xampp\htdocs\yii\framework\base\CApplication.php(185): CWebApplication->processRequest()
#12 C:\xampp\htdocs\yii\facilito\index.php(13): CWebApplication->run()
REQUEST_URI=/yii/facilito/paises/ver/8.html
in C:\xampp\htdocs\yii\facilito\protected\views\paises\ver.php (5)
in C:\xampp\htdocs\yii\facilito\protected\controllers\PaisesController.php (52)
in C:\xampp\htdocs\yii\facilito\index.php (13)
